Using pre-set license
Built from '2020.3/staging' branch; Version is '2020.3.30f1 (1fb1bf06830e) revision 2077119'; Using compiler version '192528614'; Build Type 'Release'
OS: 'Windows 11  (10.0.22000) 64bit CoreSingleLanguage' Language: 'en' Physical Memory: 7600 MB
BatchMode: 1, IsHumanControllingUs: 0, StartBugReporterOnCrash: 0, Is64bit: 1, IsPro: 0

COMMAND LINE ARGUMENTS:
C:\Program Files\Unity\Hub\Editor\2020.3.30f1\Editor\Unity.exe
-adb2
-batchMode
-noUpm
-name
AssetImportWorker0
-projectPath
C:/Game Learning/ugame/Main Menu
-logFile
Logs/AssetImportWorker0.log
-srvPort
50005
Successfully changed project path to: C:/Game Learning/ugame/Main Menu
C:/Game Learning/ugame/Main Menu
Using Asset Import Pipeline V2.
Refreshing native plugins compatible for Editor in 63.55 ms, found 3 plugins.
Preloading 0 native plugins for Editor in 0.00 ms.
Initialize engine version: 2020.3.30f1 (1fb1bf06830e)
[Subsystems] Discovering subsystems at path C:/Program Files/Unity/Hub/Editor/2020.3.30f1/Editor/Data/Resources/UnitySubsystems
[Subsystems] Discovering subsystems at path C:/Game Learning/ugame/Main Menu/Assets
GfxDevice: creating device client; threaded=0
Direct3D:
    Version:  Direct3D 11.0 [level 11.1]
    Renderer: NVIDIA GeForce GTX 1650 (ID=0x1f9d)
    Vendor:   
    VRAM:     3962 MB
    Driver:   30.0.14.9729
Initialize mono
Mono path[0] = 'C:/Program Files/Unity/Hub/Editor/2020.3.30f1/Editor/Data/Managed'
Mono path[1] = 'C:/Program Files/Unity/Hub/Editor/2020.3.30f1/Editor/Data/MonoBleedingEdge/lib/mono/unityjit'
Mono config path = 'C:/Program Files/Unity/Hub/Editor/2020.3.30f1/Editor/Data/MonoBleedingEdge/etc'
Using monoOptions --debugger-agent=transport=dt_socket,embedding=1,server=y,suspend=n,address=127.0.0.1:56544
Begin MonoManager ReloadAssembly
Registering precompiled unity dll's ...
Register platform support module: C:/Program Files/Unity/Hub/Editor/2020.3.30f1/Editor/Data/PlaybackEngines/WindowsStandaloneSupport/UnityEditor.WindowsStandalone.Extensions.dll
Registered in 0.002201 seconds.
Native extension for WindowsStandalone target not found
Refreshing native plugins compatible for Editor in 56.23 ms, found 3 plugins.
Preloading 0 native plugins for Editor in 0.00 ms.
Mono: successfully reloaded assembly
- Completed reload, in  0.593 seconds
Domain Reload Profiling:
	ReloadAssembly (593ms)
		BeginReloadAssembly (69ms)
			ExecutionOrderSort (0ms)
			DisableScriptedObjects (0ms)
			BackupInstance (0ms)
			ReleaseScriptingObjects (0ms)
			CreateAndSetChildDomain (1ms)
		EndReloadAssembly (444ms)
			LoadAssemblies (66ms)
			RebuildTransferFunctionScriptingTraits (0ms)
			SetupTypeCache (138ms)
			ReleaseScriptCaches (0ms)
			RebuildScriptCaches (27ms)
			SetupLoadedEditorAssemblies (173ms)
				LogAssemblyErrors (0ms)
				InitializePlatformSupportModulesInManaged (4ms)
				SetLoadedEditorAssemblies (0ms)
				RefreshPlugins (56ms)
				BeforeProcessingInitializeOnLoad (9ms)
				ProcessInitializeOnLoadAttributes (75ms)
				ProcessInitializeOnLoadMethodAttributes (27ms)
				AfterProcessingInitializeOnLoad (0ms)
				EditorAssembliesLoaded (0ms)
			ExecutionOrderSort2 (0ms)
			AwakeInstancesAfterBackupRestoration (0ms)
Platform modules already initialized, skipping
Registering precompiled user dll's ...
Registered in 0.003943 seconds.
Begin MonoManager ReloadAssembly
Native extension for WindowsStandalone target not found
Refreshing native plugins compatible for Editor in 61.16 ms, found 3 plugins.
Preloading 0 native plugins for Editor in 0.00 ms.
Mono: successfully reloaded assembly
- Completed reload, in  1.260 seconds
Domain Reload Profiling:
	ReloadAssembly (1262ms)
		BeginReloadAssembly (166ms)
			ExecutionOrderSort (0ms)
			DisableScriptedObjects (4ms)
			BackupInstance (0ms)
			ReleaseScriptingObjects (0ms)
			CreateAndSetChildDomain (22ms)
		EndReloadAssembly (1030ms)
			LoadAssemblies (114ms)
			RebuildTransferFunctionScriptingTraits (0ms)
			SetupTypeCache (310ms)
			ReleaseScriptCaches (1ms)
			RebuildScriptCaches (59ms)
			SetupLoadedEditorAssemblies (436ms)
				LogAssemblyErrors (0ms)
				InitializePlatformSupportModulesInManaged (3ms)
				SetLoadedEditorAssemblies (0ms)
				RefreshPlugins (61ms)
				BeforeProcessingInitializeOnLoad (78ms)
				ProcessInitializeOnLoadAttributes (261ms)
				ProcessInitializeOnLoadMethodAttributes (24ms)
				AfterProcessingInitializeOnLoad (7ms)
				EditorAssembliesLoaded (0ms)
			ExecutionOrderSort2 (0ms)
			AwakeInstancesAfterBackupRestoration (5ms)
Platform modules already initialized, skipping
========================================================================
Worker process is ready to serve import requests
Launched and connected shader compiler UnityShaderCompiler.exe after 0.06 seconds
Refreshing native plugins compatible for Editor in 0.58 ms, found 3 plugins.
Preloading 0 native plugins for Editor in 0.00 ms.
Unloading 2922 Unused Serialized files (Serialized files now loaded: 0)
System memory in use before: 126.8 MB.
System memory in use after: 127.0 MB.

Unloading 28 unused Assets to reduce memory usage. Loaded Objects now: 3361.
Total: 3.987500 ms (FindLiveObjects: 0.261000 ms CreateObjectMapping: 0.076100 ms MarkObjects: 3.515300 ms  DeleteObjects: 0.133600 ms)

AssetImportParameters requested are different than current active one (requested -> active):
  custom:framework-win-MediaFoundation: 216162199b28c13a410421893ffa2e32 -> 
  custom:video-decoder-ogg-theora: a1e56fd34408186e4bbccfd4996cb3dc -> 
  custom:container-muxer-webm: aa71ff27fc2769a1b78a27578f13a17b -> 
  custom:container-demuxer-webm: 4f35f7cbe854078d1ac9338744f61a02 -> 
  custom:container-demuxer-ogg: 62fdf1f143b41e24485cea50d1cbac27 -> 
  custom:video-encoder-webm-vp8: eb34c28f22e8b96e1ab97ce403110664 -> 
  custom:video-codec-MediaFoundation-h265: 746d11721c4dcdbdad8f713fa42b33f4 -> 
  custom:video-decoder-webm-vp8: 9c59270c3fd7afecdb556c50c9e8de78 -> 
  custom:audio-decoder-ogg-vorbis: bf7c407c2cedff20999df2af8eb42d56 -> 
  custom:audio-encoder-webm-vorbis: bf7c407c2cedff20999df2af8eb42d56 -> 
========================================================================
Received Import Request.
  path: Assets/InputSystem.inputsettings.asset
  artifactKey: Guid(b080e701ae78a2345bdb825d715c75bb) Importer(815301076,1909f56bfc062723c751e8b465ee728b)
Start importing Assets/InputSystem.inputsettings.asset using Guid(b080e701ae78a2345bdb825d715c75bb) Importer(815301076,1909f56bfc062723c751e8b465ee728b)  -> (artifact id: 'ba9b466300bb161a7d369be0b5a56ccf') in 0.049865 seconds 
========================================================================
Received Import Request.
  Time since last request: 87.148113 seconds.
  path: Assets/Scenes
  artifactKey: Guid(bb682b130030b34469322fe5c66ea20e) Importer(815301076,1909f56bfc062723c751e8b465ee728b)
Start importing Assets/Scenes using Guid(bb682b130030b34469322fe5c66ea20e) Importer(815301076,1909f56bfc062723c751e8b465ee728b)  -> (artifact id: '7ddf1bab1e92132d6f7a5a3114b97e6c') in 0.005058 seconds 
========================================================================
Received Import Request.
  Time since last request: 3.035932 seconds.
  path: Assets/Scenes/GameLvl1.unity
  artifactKey: Guid(41a3ec714e76ad74a93cc1a6408b109d) Importer(815301076,1909f56bfc062723c751e8b465ee728b)
Start importing Assets/Scenes/GameLvl1.unity using Guid(41a3ec714e76ad74a93cc1a6408b109d) Importer(815301076,1909f56bfc062723c751e8b465ee728b)  -> (artifact id: 'e8b2cec966e84fb0e809cb4879273e4f') in 0.006528 seconds 
========================================================================
Received Import Request.
  Time since last request: 7.907582 seconds.
  path: Assets/Scenes/GamaLvl2.unity
  artifactKey: Guid(06762dca6066a92408ffb8ce653ec82c) Importer(815301076,1909f56bfc062723c751e8b465ee728b)
Start importing Assets/Scenes/GamaLvl2.unity using Guid(06762dca6066a92408ffb8ce653ec82c) Importer(815301076,1909f56bfc062723c751e8b465ee728b)  -> (artifact id: '81091ad79a3be4424ba810a56d73f136') in 0.004582 seconds 
========================================================================
Received Import Request.
  Time since last request: 1.999740 seconds.
  path: Assets/Scenes/GameLvl3.unity
  artifactKey: Guid(4807181f56277854fbbddd3bc9c68494) Importer(815301076,1909f56bfc062723c751e8b465ee728b)
Start importing Assets/Scenes/GameLvl3.unity using Guid(4807181f56277854fbbddd3bc9c68494) Importer(815301076,1909f56bfc062723c751e8b465ee728b)  -> (artifact id: '79f855cfc4c6f6962ff7ba45b795887b') in 0.003609 seconds 
========================================================================
Received Import Request.
  Time since last request: 0.924035 seconds.
  path: Assets/Scenes/GameLvl4.unity
  artifactKey: Guid(6f31e64ee1417b34b882c70954e2fdc1) Importer(815301076,1909f56bfc062723c751e8b465ee728b)
Start importing Assets/Scenes/GameLvl4.unity using Guid(6f31e64ee1417b34b882c70954e2fdc1) Importer(815301076,1909f56bfc062723c751e8b465ee728b)  -> (artifact id: 'c03233895b08a397429a1bb4ff267ac1') in 0.006161 seconds 
========================================================================
Received Import Request.
  Time since last request: 0.812744 seconds.
  path: Assets/Scenes/GameLvl5.unity
  artifactKey: Guid(df4fbdaeda256354b87522ba5263d087) Importer(815301076,1909f56bfc062723c751e8b465ee728b)
Start importing Assets/Scenes/GameLvl5.unity using Guid(df4fbdaeda256354b87522ba5263d087) Importer(815301076,1909f56bfc062723c751e8b465ee728b)  -> (artifact id: 'd9cb5fc53bc5f2430d0a1cef1fe98cc9') in 0.003454 seconds 
========================================================================
Received Import Request.
  Time since last request: 0.686245 seconds.
  path: Assets/Scenes/GameLvl6.unity
  artifactKey: Guid(79a493e937be760419976dcecc764fc1) Importer(815301076,1909f56bfc062723c751e8b465ee728b)
Start importing Assets/Scenes/GameLvl6.unity using Guid(79a493e937be760419976dcecc764fc1) Importer(815301076,1909f56bfc062723c751e8b465ee728b)  -> (artifact id: '6ba41b5b62efce349cad921630bd614e') in 0.003488 seconds 
========================================================================
Received Import Request.
  Time since last request: 0.798968 seconds.
  path: Assets/Scenes/GameLvl7.unity
  artifactKey: Guid(c1737dc7d1f30344f98fe9dadd548bc1) Importer(815301076,1909f56bfc062723c751e8b465ee728b)
Start importing Assets/Scenes/GameLvl7.unity using Guid(c1737dc7d1f30344f98fe9dadd548bc1) Importer(815301076,1909f56bfc062723c751e8b465ee728b)  -> (artifact id: 'ba89c83318b028ff8d3116ac0b0b7d46') in 0.004467 seconds 
========================================================================
Received Import Request.
  Time since last request: 417.621075 seconds.
  path: Assets/prefabs/Tangram 3.jpg
  artifactKey: Guid(aa82f6fdb546e5244b815c8edafeac98) Importer(815301076,1909f56bfc062723c751e8b465ee728b)
Start importing Assets/prefabs/Tangram 3.jpg using Guid(aa82f6fdb546e5244b815c8edafeac98) Importer(815301076,1909f56bfc062723c751e8b465ee728b)  -> (artifact id: '984a09b947bb4250d51d8593941ba686') in 0.123392 seconds 
========================================================================
Received Import Request.
  Time since last request: 661.783351 seconds.
  path: Assets/Materials/New Material 4.mat
  artifactKey: Guid(cf6981c98e9c41e4fa7768091756f3f9) Importer(815301076,1909f56bfc062723c751e8b465ee728b)
Start importing Assets/Materials/New Material 4.mat using Guid(cf6981c98e9c41e4fa7768091756f3f9) Importer(815301076,1909f56bfc062723c751e8b465ee728b)  -> (artifact id: '91e0fb134c58ea9d43c8b3e839cf0f18') in 0.099655 seconds 
========================================================================
Received Import Request.
  Time since last request: 3.435229 seconds.
  path: Assets/prefabs/Canvas.prefab
  artifactKey: Guid(9a6d1f11e5b975d49a2abe8798d029e8) Importer(815301076,1909f56bfc062723c751e8b465ee728b)
Start importing Assets/prefabs/Canvas.prefab using Guid(9a6d1f11e5b975d49a2abe8798d029e8) Importer(815301076,1909f56bfc062723c751e8b465ee728b)  -> (artifact id: '69af6022474fb4390769018e6fec9f56') in 0.026395 seconds 
========================================================================
Received Import Request.
  Time since last request: 0.000262 seconds.
  path: Assets/prefabs/EventSystem.prefab
  artifactKey: Guid(ee685c17745a5be4bb72502f5d1ace2b) Importer(815301076,1909f56bfc062723c751e8b465ee728b)
Start importing Assets/prefabs/EventSystem.prefab using Guid(ee685c17745a5be4bb72502f5d1ace2b) Importer(815301076,1909f56bfc062723c751e8b465ee728b)  -> (artifact id: '3e8e6469bcd274cf807ff775a18e3d9e') in 0.015994 seconds 
========================================================================
Received Import Request.
  Time since last request: 0.000289 seconds.
  path: Assets/prefabs/Tangram 4.jpg
  artifactKey: Guid(e04fb7c8fbee9cd47934acd1b1d82ff5) Importer(815301076,1909f56bfc062723c751e8b465ee728b)
Start importing Assets/prefabs/Tangram 4.jpg using Guid(e04fb7c8fbee9cd47934acd1b1d82ff5) Importer(815301076,1909f56bfc062723c751e8b465ee728b)  -> (artifact id: '95d56031e1f59a5ce00dde204d6e121d') in 0.019354 seconds 
========================================================================
Received Import Request.
  Time since last request: 0.000418 seconds.
  path: Assets/prefabs/Tangram1.jpg
  artifactKey: Guid(1cf8f19c25d1d124ba0948c367dc9beb) Importer(815301076,1909f56bfc062723c751e8b465ee728b)
Start importing Assets/prefabs/Tangram1.jpg using Guid(1cf8f19c25d1d124ba0948c367dc9beb) Importer(815301076,1909f56bfc062723c751e8b465ee728b)  -> (artifact id: 'f0d4ba0e925e487a0967c615fc128f7c') in 0.018070 seconds 
========================================================================
Received Import Request.
  Time since last request: 0.000251 seconds.
  path: Assets/prefabs/Tangram2.jpg
  artifactKey: Guid(ac2560bb5fcd12c48b92ec56bafdb648) Importer(815301076,1909f56bfc062723c751e8b465ee728b)
Start importing Assets/prefabs/Tangram2.jpg using Guid(ac2560bb5fcd12c48b92ec56bafdb648) Importer(815301076,1909f56bfc062723c751e8b465ee728b)  -> (artifact id: 'dfc40adcb386cb9b4230ef57af5a7047') in 0.023476 seconds 
========================================================================
Received Import Request.
  Time since last request: 1.822842 seconds.
  path: Assets/Scenes/GamaLvl2.unity
  artifactKey: Guid(06762dca6066a92408ffb8ce653ec82c) Importer(815301076,1909f56bfc062723c751e8b465ee728b)
Start importing Assets/Scenes/GamaLvl2.unity using Guid(06762dca6066a92408ffb8ce653ec82c) Importer(815301076,1909f56bfc062723c751e8b465ee728b)  -> (artifact id: '768ad63e92ffce0d5c7264deb662cd4b') in 0.004242 seconds 
========================================================================
Received Import Request.
  Time since last request: 1016.803196 seconds.
  path: Assets/Scenes/GameLvl3.unity
  artifactKey: Guid(4807181f56277854fbbddd3bc9c68494) Importer(815301076,1909f56bfc062723c751e8b465ee728b)
Start importing Assets/Scenes/GameLvl3.unity using Guid(4807181f56277854fbbddd3bc9c68494) Importer(815301076,1909f56bfc062723c751e8b465ee728b)  -> (artifact id: '4ec1d67e9ae852494d18096c026172b7') in 0.005189 seconds 
========================================================================
Received Import Request.
  Time since last request: 175.475093 seconds.
  path: Assets/Scenes/GameLvl7.unity
  artifactKey: Guid(c1737dc7d1f30344f98fe9dadd548bc1) Importer(815301076,1909f56bfc062723c751e8b465ee728b)
Start importing Assets/Scenes/GameLvl7.unity using Guid(c1737dc7d1f30344f98fe9dadd548bc1) Importer(815301076,1909f56bfc062723c751e8b465ee728b)  -> (artifact id: 'b6f7737d2d7e701d525aab7a6e9c1fca') in 0.004177 seconds 
========================================================================
Received Import Request.
  Time since last request: 0.445075 seconds.
  path: Assets/Scenes/GameLvl8.unity
  artifactKey: Guid(da54da9321f5fd74e8833c2f151a13d8) Importer(815301076,1909f56bfc062723c751e8b465ee728b)
Start importing Assets/Scenes/GameLvl8.unity using Guid(da54da9321f5fd74e8833c2f151a13d8) Importer(815301076,1909f56bfc062723c751e8b465ee728b)  -> (artifact id: '8fef610b3376bc30bc1423420dd0fe57') in 0.004318 seconds 
========================================================================
Received Import Request.
  Time since last request: 1.038958 seconds.
  path: Assets/Scenes/GameLvl9.unity
  artifactKey: Guid(71d4c1f66ce562840b03e7c9063bea99) Importer(815301076,1909f56bfc062723c751e8b465ee728b)
Start importing Assets/Scenes/GameLvl9.unity using Guid(71d4c1f66ce562840b03e7c9063bea99) Importer(815301076,1909f56bfc062723c751e8b465ee728b)  -> (artifact id: 'de560b049c5b1704e4a1b9f05fb2dd85') in 0.005603 seconds 
========================================================================
Received Import Request.
  Time since last request: 0.838952 seconds.
  path: Assets/Scenes/GameLvl10.unity
  artifactKey: Guid(5673dd9271393774987571874b1fe556) Importer(815301076,1909f56bfc062723c751e8b465ee728b)
Start importing Assets/Scenes/GameLvl10.unity using Guid(5673dd9271393774987571874b1fe556) Importer(815301076,1909f56bfc062723c751e8b465ee728b)  -> (artifact id: 'bfb53bff185391f853e4097770d3684d') in 0.003887 seconds 
========================================================================
Received Import Request.
  Time since last request: 0.492991 seconds.
  path: Assets/Scenes/MainMenu.unity
  artifactKey: Guid(2cda990e2423bbf4892e6590ba056729) Importer(815301076,1909f56bfc062723c751e8b465ee728b)
Start importing Assets/Scenes/MainMenu.unity using Guid(2cda990e2423bbf4892e6590ba056729) Importer(815301076,1909f56bfc062723c751e8b465ee728b)  -> (artifact id: 'd7f3d85f23a567ab18b6e61b63f4e584') in 0.003686 seconds 
========================================================================
Received Import Request.
  Time since last request: 4.649205 seconds.
  path: Assets/Scenes/Game.unity
  artifactKey: Guid(d3a1e370ccfcfdd4bb197562ae98237d) Importer(815301076,1909f56bfc062723c751e8b465ee728b)
Start importing Assets/Scenes/Game.unity using Guid(d3a1e370ccfcfdd4bb197562ae98237d) Importer(815301076,1909f56bfc062723c751e8b465ee728b)  -> (artifact id: '2bf93ceab10c23a0116bf0233efb99c6') in 0.003685 seconds 
========================================================================
Received Import Request.
  Time since last request: 593.991286 seconds.
  path: Assets/Scenes/GamaLvl2.unity
  artifactKey: Guid(06762dca6066a92408ffb8ce653ec82c) Importer(815301076,1909f56bfc062723c751e8b465ee728b)
Start importing Assets/Scenes/GamaLvl2.unity using Guid(06762dca6066a92408ffb8ce653ec82c) Importer(815301076,1909f56bfc062723c751e8b465ee728b)  -> (artifact id: 'a7e5e3dcd6c111ef17625551219d5a93') in 0.003709 seconds 
AssetImportWorkerClient::OnTransportError - code=2 error=End of file
